
ROM used:   5348/32768 (16%)
            5348/32768 (16%) including unused fragments

            3.3 Average locations per line
            17.5 Average locations per statement

RAM used:   221/2048 (11%) at main() level
            237/2048 (12%) worst case

Stack used: 4 worst case (4 in main + 0 for interrupts)
Stack size: 31

Lines Stmts  %   Files
----- ----- ---  -----
  295   206  67  PRACTICA_01.c
    8     0   0  PRACTICA_01.h
  863     0   0  ..\..\..\..\..\..\..\Program Files (x86)\PICC\Devices\18F4550.h
  456   100  33  ..\..\..\..\..\..\..\Program Files (x86)\PICC\Drivers\lcd.c
----- -----
 1622   306 Total

Page ROM  %  RAM    Vol Diff  Functions:
---- --- --- ---    --- ----  ----------
0     40   0    1             @delay_ms1
0     74   1    3    760  4.5  lcd_read_byte
0     82   1    2    262  3.7  lcd_read_nibble
0     62   1    1    399  2.4  lcd_send_nibble
0     70   1    3    415  3.7  lcd_send_byte
0    124   1    6    852  6.2  lcd_init
0     34   0    4    208  6.3  lcd_gotoxy
0     82   1    1    354  4.7  lcd_putc
0     44   0    5    114  3.4  hardlim
0    120   1   10             @FLT
0    344   3    8   2830  5.1  numeros
0   3208  30   89  10312 11.8  MAIN
0     12   0    0             @const783
0     32   0    2             @PSTRINGC_723
0     54   1    2             @ITOF
0    242   2   11             @MULFF
0    618   6   16             @ADDFF
0     18   0    0             @const800
0     12   0    0             @const801
0     12   0    0             @const802
0     14   0    0             @const803
0     14   0    0             @const804
0     10   0    0             @const805
0     10   0    0             @const806
0     12   0    0             @const807
 Inline         0             @cinit1

Program metrics:
    Functions               10
    Statements              306
    Comments                320
    Volume (V)              21320
    Difficulty (D)          51.1
    Effort to implement (E) 1089561
    Time to implement (T)   16 hours, 49 minutes
    Est Delivered Bugs (B)  4
    Cyclomatic Complexity   60
    Maintainability (MI)    105

 Segment     Used  Free
-----------  ----  ----
00000-00002     4  0  
00004-07FFE  5344  27420  



